-------------------------------------------------------------------------------
Test set: iutdijon.cryptomessengerclient.modele.protocoles.realisations.TranspositionBourrageTest
-------------------------------------------------------------------------------
Tests run: 1, Failures: 1, Errors: 0, Skipped: 0, Time elapsed: 0 sec <<< FAILURE!
iutdijon.cryptomessengerclient.modele.protocoles.realisations.TranspositionBourrageTest.testBourrage()  Time elapsed: 0 sec  <<< FAILURE!
java.lang.RuntimeException: Uncompilable source code - Erroneous tree type: org.junit.jupiter.api.Test
	at iutdijon.cryptomessengerclient.modele.protocoles.realisations.TranspositionBourrageTest.testBourrage(TranspositionBourrageTest.java:20)

