-------------------------------------------------------------------------------
Test set: iutdijon.cryptomessengerclient.modele.protocoles.realisations.TrieListeCoupleTest
-------------------------------------------------------------------------------
Tests run: 1, Failures: 1, Errors: 0, Skipped: 0, Time elapsed: 0.001 sec <<< FAILURE!
iutdijon.cryptomessengerclient.modele.protocoles.realisations.TrieListeCoupleTest.testTrieListeCouples()  Time elapsed: 0.001 sec  <<< FAILURE!
java.lang.RuntimeException: Uncompilable source code - Erroneous tree type: org.junit.jupiter.api.Test
	at iutdijon.cryptomessengerclient.modele.protocoles.realisations.TrieListeCoupleTest.testTrieListeCouples(TrieListeCoupleTest.java:16)

