-------------------------------------------------------------------------------
Test set: iutdijon.cryptomessengerclient.modele.protocoles.GenerateurCleVigenereTest
-------------------------------------------------------------------------------
Tests run: 1, Failures: 1, Errors: 0, Skipped: 0, Time elapsed: 0.001 sec <<< FAILURE!
iutdijon.cryptomessengerclient.modele.protocoles.GenerateurCleVigenereTest.testGerererCleVigenere()  Time elapsed: 0 sec  <<< FAILURE!
java.lang.RuntimeException: Uncompilable source code - Erroneous tree type: org.junit.jupiter.api.AfterEach
	at iutdijon.cryptomessengerclient.modele.protocoles.GenerateurCleVigenereTest.testGerererCleVigenere(GenerateurCleVigenereTest.java:19)

